[Nanda.id/index.html]
[backblue.gif]
[fade.gif]
[index.html]
[Nanda.id/favicon.ico]
[Nanda.id/images/banner.png]
[Nanda.id/css/bootstrap.css]
[Nanda.id/style.css]
[Nanda.id/css/colors.css]
[Nanda.id/css/responsive.css]
[client.crisp.chat/l.js]
[Nanda.id/images/logo_Nanda_putih.png]
[Nanda.id/images/ico01.svg]
[Nanda.id/images/logo_polisi.png]
[Nanda.id/images/logo_ems.png]
[Nanda.id/images/logo_mekanik.png]
[Nanda.id/images/logo_taksi.png]
[Nanda.id/default]
[Nanda.id/js/jquery-3.4.1.min.js]
[Nanda.id/js/popper.min.js]
[Nanda.id/js/bootstrap.min.js]
[Nanda.id/js/jqueryCustom.js]
[Nanda.id/js/yw1.js]
[kit.fontawesome.com/391f644c42.js]
[static.cloudflareinsights.com/beacon.min.js]
[Nanda.id/cdn-cgi/scripts/7d0fa10a/cloudflare-static/rocket-loader.min.js]
[Nanda.id/index.html]
[Nanda.id/css/bootstrap.css]
[Nanda.id/cdn-cgi/challenge-platform/h/g/scripts/jsd/1b3559406bc8/main.js]
[Nanda.id/fonts/icomoon5b105b10.ttf]
[Nanda.id/fonts/icomoon5b105b10.woff]
[Nanda.id/style.css]
[Nanda.id/css/colors.css]
[Nanda.id/css/responsive.css]
[Nanda.id/peraturan/index.html]
[Nanda.id/donasi/index.html]
[Nanda.id/discord/index.html]
[Nanda.id/images/ico01.svg]
[cdn.discordapp.com/attachments/616666479940599811/1022545370456268891/logo_Nanda_v2-01.png]
[i.postimg.cc/jSdZGVWQ/discord-profile.html]
[Nanda.id/default.html]
[Nanda.id/fonts/icomoon5b105b10.svg]
[Nanda.id/fonts/icomoon5b105b10.svg]
